<?xml version="1.0" encoding="UTF-8"?>
<testng-results ignored="0" total="2" passed="2" failed="0" skipped="0">
  <reporter-output>
  </reporter-output>
  <suite started-at="2025-04-08T12:07:20 IST" name="Surefire suite" finished-at="2025-04-08T12:07:20 IST" duration-ms="57">
    <groups>
    </groups>
    <test started-at="2025-04-08T12:07:20 IST" name="Surefire test" finished-at="2025-04-08T12:07:20 IST" duration-ms="57">
      <class name="com.example.CalculatorTest">
        <test-method signature="testAddition()[pri:0, instance:com.example.CalculatorTest@78047b92]" started-at="2025-04-08T12:07:20 IST" name="testAddition" finished-at="2025-04-08T12:07:20 IST" duration-ms="9" status="PASS">
          <reporter-output>
          </reporter-output>
        </test-method> <!-- testAddition -->
        <test-method signature="testSubtraction()[pri:0, instance:com.example.CalculatorTest@78047b92]" started-at="2025-04-08T12:07:20 IST" name="testSubtraction" finished-at="2025-04-08T12:07:20 IST" duration-ms="0" status="PASS">
          <reporter-output>
          </reporter-output>
        </test-method> <!-- testSubtraction -->
      </class> <!-- com.example.CalculatorTest -->
    </test> <!-- Surefire test -->
  </suite> <!-- Surefire suite -->
</testng-results>
